<?xml version="1.0" encoding="UTF-8"?>
<!-- Generated by org.testng.reporters.JUnitXMLReporter -->
<testsuite ignored="0" hostname="DESKTOP-35NB1NJ" failures="0" tests="4" name="Default test" time="0.122" errors="0" timestamp="2023-09-17T11:41:41 IST">
  <testcase classname="testpackage.test3" name="Mobilelogin" time="0.01"/>
  <testcase classname="testpackage.test3" name="Mobilelogin" time="0.003"/>
  <testcase classname="testpackage.test3" name="carloan" time="0.002"/>
  <testcase classname="testpackage.test3" name="carkia" time="0.002"/>
</testsuite> <!-- Default test -->
