<?xml version="1.0" encoding="UTF-8"?>
<!-- Generated by org.testng.reporters.JUnitXMLReporter -->
<testsuite ignored="1" hostname="DESKTOP-35NB1NJ" failures="0" tests="5" name="Regression" time="0.094" errors="0" timestamp="2023-09-17T15:27:20 IST">
  <testcase classname="testpackage.test1" name="logincarloan" time="0.008"/>
  <testcase classname="testpackage.test1" name="run" time="0.002"/>
  <testcase classname="testpackage.test1" name="run1" time="0.002"/>
  <testcase classname="testpackage.test2" name="run2" time="0.001"/>
  <testcase classname="testpackage.test4" name="carkia" time="0.002"/>
  <testcase classname="testpackage.test2" name="gun" time="0.0">
    <ignored/>
  </testcase> <!-- gun -->
</testsuite> <!-- Regression -->
