<?xml version="1.0" encoding="UTF-8"?>
<!-- Generated by org.testng.reporters.JUnitXMLReporter -->
<testsuite ignored="0" hostname="DESKTOP-35NB1NJ" failures="0" tests="4" name="Smoke" time="0.024" errors="0" timestamp="2023-09-17T15:27:20 IST">
  <testcase classname="testpackage.test3" name="Mobilelogin" time="0.001"/>
  <testcase classname="testpackage.test3" name="Mobilelogin" time="0.002"/>
  <testcase classname="testpackage.test3" name="carloan" time="0.001"/>
  <testcase classname="testpackage.test3" name="carkia" time="0.001"/>
</testsuite> <!-- Smoke -->
