<?xml version="1.0" encoding="UTF-8"?>
<!-- Generated by org.testng.reporters.JUnitXMLReporter -->
<testsuite ignored="1" hostname="DESKTOP-35NB1NJ" failures="0" tests="3" name="Test" time="0.088" errors="0" timestamp="2023-09-15T13:08:48 IST">
  <testcase classname="testpackage.test1" name="run" time="0.005"/>
  <testcase classname="testpackage.test2" name="run2" time="0.002"/>
  <testcase classname="testpackage.test4" name="carkia" time="0.001"/>
  <testcase classname="testpackage.test2" name="gun" time="0.0">
    <ignored/>
  </testcase> <!-- gun -->
</testsuite> <!-- Test -->
