<?xml version="1.0" encoding="UTF-8"?>
<testng-results ignored="0" total="9" passed="9" failed="0" skipped="0">
  <reporter-output>
  </reporter-output>
  <suite started-at="2023-09-17T15:27:19 IST" name="Suite" finished-at="2023-09-17T15:27:20 IST" duration-ms="203">
    <groups>
      <group name="Regression">
        <method signature="test2.run2()[pri:0, instance:testpackage.test2@3e8c3cb]" name="run2" class="testpackage.test2"/>
        <method signature="test4.carkia()[pri:0, instance:testpackage.test4@563f38c4]" name="carkia" class="testpackage.test4"/>
      </group> <!-- Regression -->
    </groups>
    <test started-at="2023-09-17T15:27:19 IST" name="Regression" finished-at="2023-09-17T15:27:20 IST" duration-ms="94">
      <class name="testpackage.test4">
        <test-method is-config="true" signature="prereuisite()[pri:0, instance:testpackage.test4@563f38c4]" started-at="2023-09-17T15:27:19 IST" name="prereuisite" finished-at="2023-09-17T15:27:19 IST" duration-ms="1" status="PASS">
          <reporter-output>
          </reporter-output>
        </test-method> <!-- prereuisite -->
        <test-method signature="carkia()[pri:0, instance:testpackage.test4@563f38c4]" started-at="2023-09-17T15:27:20 IST" name="carkia" finished-at="2023-09-17T15:27:20 IST" duration-ms="2" status="PASS">
          <reporter-output>
          </reporter-output>
        </test-method> <!-- carkia -->
        <test-method is-config="true" signature="befmethod()[pri:0, instance:testpackage.test4@563f38c4]" started-at="2023-09-17T15:27:20 IST" name="befmethod" finished-at="2023-09-17T15:27:20 IST" duration-ms="0" status="PASS">
          <reporter-output>
          </reporter-output>
        </test-method> <!-- befmethod -->
        <test-method is-config="true" signature="aftmethod()[pri:0, instance:testpackage.test4@563f38c4]" started-at="2023-09-17T15:27:20 IST" name="aftmethod" finished-at="2023-09-17T15:27:20 IST" duration-ms="0" status="PASS">
          <reporter-output>
          </reporter-output>
        </test-method> <!-- aftmethod -->
      </class> <!-- testpackage.test4 -->
      <class name="testpackage.test1">
        <test-method is-config="true" signature="befmethod()[pri:0, instance:testpackage.test1@6340e5f0]" started-at="2023-09-17T15:27:20 IST" name="befmethod" finished-at="2023-09-17T15:27:20 IST" duration-ms="1" status="PASS">
          <reporter-output>
          </reporter-output>
        </test-method> <!-- befmethod -->
        <test-method signature="logincarloan(java.lang.String,java.lang.String)[pri:0, instance:testpackage.test1@6340e5f0]" started-at="2023-09-17T15:27:20 IST" name="logincarloan" finished-at="2023-09-17T15:27:20 IST" duration-ms="8" status="PASS">
          <params>
            <param index="0">
              <value>
                <![CDATA[qaclickacademy.com]]>
              </value>
            </param>
            <param index="1">
              <value>
                <![CDATA[123456]]>
              </value>
            </param>
          </params>
          <reporter-output>
          </reporter-output>
        </test-method> <!-- logincarloan -->
        <test-method is-config="true" signature="befmethod()[pri:0, instance:testpackage.test1@6340e5f0]" started-at="2023-09-17T15:27:20 IST" name="befmethod" finished-at="2023-09-17T15:27:20 IST" duration-ms="1" status="PASS">
          <reporter-output>
          </reporter-output>
        </test-method> <!-- befmethod -->
        <test-method signature="run()[pri:0, instance:testpackage.test1@6340e5f0]" started-at="2023-09-17T15:27:20 IST" name="run" finished-at="2023-09-17T15:27:20 IST" duration-ms="2" status="PASS">
          <reporter-output>
          </reporter-output>
        </test-method> <!-- run -->
        <test-method is-config="true" signature="befmethod()[pri:0, instance:testpackage.test1@6340e5f0]" started-at="2023-09-17T15:27:20 IST" name="befmethod" finished-at="2023-09-17T15:27:20 IST" duration-ms="1" status="PASS">
          <reporter-output>
          </reporter-output>
        </test-method> <!-- befmethod -->
        <test-method signature="run1()[pri:0, instance:testpackage.test1@6340e5f0]" started-at="2023-09-17T15:27:20 IST" name="run1" finished-at="2023-09-17T15:27:20 IST" duration-ms="2" status="PASS">
          <reporter-output>
          </reporter-output>
        </test-method> <!-- run1 -->
      </class> <!-- testpackage.test1 -->
      <class name="testpackage.test2">
        <test-method signature="run2()[pri:0, instance:testpackage.test2@3e8c3cb]" started-at="2023-09-17T15:27:20 IST" name="run2" finished-at="2023-09-17T15:27:20 IST" duration-ms="1" status="PASS">
          <reporter-output>
          </reporter-output>
        </test-method> <!-- run2 -->
        <test-method is-config="true" signature="aftclass()[pri:0, instance:testpackage.test2@3e8c3cb]" started-at="2023-09-17T15:27:20 IST" name="aftclass" finished-at="2023-09-17T15:27:20 IST" duration-ms="1" status="PASS">
          <reporter-output>
          </reporter-output>
        </test-method> <!-- aftclass -->
      </class> <!-- testpackage.test2 -->
    </test> <!-- Regression -->
    <test started-at="2023-09-17T15:27:20 IST" name="Smoke" finished-at="2023-09-17T15:27:20 IST" duration-ms="24">
      <class name="testpackage.test3">
        <test-method is-config="true" signature="bsuite()[pri:0, instance:testpackage.test3@2b30a42c]" started-at="2023-09-17T15:27:19 IST" name="bsuite" finished-at="2023-09-17T15:27:19 IST" duration-ms="13" status="PASS">
          <reporter-output>
          </reporter-output>
        </test-method> <!-- bsuite -->
        <test-method is-config="true" signature="befclass()[pri:0, instance:testpackage.test3@2b30a42c]" started-at="2023-09-17T15:27:20 IST" name="befclass" finished-at="2023-09-17T15:27:20 IST" duration-ms="0" status="PASS">
          <reporter-output>
          </reporter-output>
        </test-method> <!-- befclass -->
        <test-method signature="Mobilelogin(java.lang.String,java.lang.String)[pri:0, instance:testpackage.test3@2b30a42c]" started-at="2023-09-17T15:27:20 IST" name="Mobilelogin" data-provider="getData" finished-at="2023-09-17T15:27:20 IST" duration-ms="1" status="PASS">
          <params>
            <param index="0">
              <value>
                <![CDATA[Aishwaya]]>
              </value>
            </param>
            <param index="1">
              <value>
                <![CDATA[1234]]>
              </value>
            </param>
          </params>
          <reporter-output>
          </reporter-output>
        </test-method> <!-- Mobilelogin -->
        <test-method signature="Mobilelogin(java.lang.String,java.lang.String)[pri:0, instance:testpackage.test3@2b30a42c]" started-at="2023-09-17T15:27:20 IST" name="Mobilelogin" data-provider="getData" finished-at="2023-09-17T15:27:20 IST" duration-ms="2" status="PASS">
          <params>
            <param index="0">
              <value>
                <![CDATA[Aditya]]>
              </value>
            </param>
            <param index="1">
              <value>
                <![CDATA[6789]]>
              </value>
            </param>
          </params>
          <reporter-output>
          </reporter-output>
        </test-method> <!-- Mobilelogin -->
        <test-method signature="carloan()[pri:0, instance:testpackage.test3@2b30a42c]" started-at="2023-09-17T15:27:20 IST" name="carloan" finished-at="2023-09-17T15:27:20 IST" duration-ms="1" status="PASS">
          <reporter-output>
          </reporter-output>
        </test-method> <!-- carloan -->
        <test-method signature="carkia()[pri:0, instance:testpackage.test3@2b30a42c]" started-at="2023-09-17T15:27:20 IST" name="carkia" finished-at="2023-09-17T15:27:20 IST" depends-on-methods="testpackage.test3.carloan" duration-ms="1" status="PASS">
          <reporter-output>
          </reporter-output>
        </test-method> <!-- carkia -->
        <test-method is-config="true" signature="basuite()[pri:0, instance:testpackage.test3@2b30a42c]" started-at="2023-09-17T15:27:20 IST" name="basuite" finished-at="2023-09-17T15:27:20 IST" duration-ms="1" status="PASS">
          <reporter-output>
          </reporter-output>
        </test-method> <!-- basuite -->
      </class> <!-- testpackage.test3 -->
    </test> <!-- Smoke -->
  </suite> <!-- Suite -->
</testng-results>
